{"F:\\SVNALL\\pahotUnion2\\trunk\\09.Implements\\pahot-static\\pahot-business-front\\src\\App.vue": {"path":"F:\\SVNALL\\pahotUnion2\\trunk\\09.Implements\\pahot-static\\pahot-business-front\\src\\App.vue","statementMap":{"0":{"start":{"line":1,"column":1},"end":{"line":42,"column":4}},"1":{"start":{"line":4,"column":0},"end":{"line":6,"column":3}},"2":{"start":{"line":8,"column":13},"end":{"line":8,"column":33}},"3":{"start":{"line":10,"column":14},"end":{"line":10,"column":44}},"4":{"start":{"line":12,"column":39},"end":{"line":12,"column":93}},"5":{"start":{"line":14,"column":0},"end":{"line":35,"column":2}},"6":{"start":{"line":17,"column":4},"end":{"line":20,"column":6}},"7":{"start":{"line":25,"column":16},"end":{"line":25,"column":20}},"8":{"start":{"line":27,"column":4},"end":{"line":29,"column":7}},"9":{"start":{"line":28,"column":6},"end":{"line":28,"column":29}},"10":{"start":{"line":30,"column":15},"end":{"line":30,"column":19}},"11":{"start":{"line":31,"column":4},"end":{"line":33,"column":13}},"12":{"start":{"line":32,"column":6},"end":{"line":32,"column":27}},"13":{"start":{"line":43,"column":0},"end":{"line":43,"column":70}},"14":{"start":{"line":43,"column":31},"end":{"line":43,"column":70}},"15":{"start":{"line":44,"column":24},"end":{"line":44,"column":100}},"16":{"start":{"line":45,"column":0},"end":{"line":45,"column":280}},"17":{"start":{"line":45,"column":54},"end":{"line":45,"column":58}},"18":{"start":{"line":45,"column":66},"end":{"line":45,"column":84}},"19":{"start":{"line":45,"column":92},"end":{"line":45,"column":108}},"20":{"start":{"line":45,"column":109},"end":{"line":45,"column":279}},"21":{"start":{"line":46,"column":0},"end":{"line":46,"column":37}}},"fnMap":{"0":{"name":"(anonymous_0)","decl":{"start":{"line":1,"column":2},"end":{"line":1,"column":3}},"loc":{"start":{"line":1,"column":12},"end":{"line":42,"column":1}},"line":1},"1":{"name":"_interopRequireDefault","decl":{"start":{"line":12,"column":9},"end":{"line":12,"column":31}},"loc":{"start":{"line":12,"column":37},"end":{"line":12,"column":95}},"line":12},"2":{"name":"data","decl":{"start":{"line":16,"column":17},"end":{"line":16,"column":21}},"loc":{"start":{"line":16,"column":24},"end":{"line":21,"column":3}},"line":16},"3":{"name":"mounted","decl":{"start":{"line":24,"column":20},"end":{"line":24,"column":27}},"loc":{"start":{"line":24,"column":30},"end":{"line":34,"column":3}},"line":24},"4":{"name":"(anonymous_4)","decl":{"start":{"line":27,"column":19},"end":{"line":27,"column":20}},"loc":{"start":{"line":27,"column":31},"end":{"line":29,"column":5}},"line":27},"5":{"name":"(anonymous_5)","decl":{"start":{"line":31,"column":15},"end":{"line":31,"column":16}},"loc":{"start":{"line":31,"column":27},"end":{"line":33,"column":5}},"line":31},"6":{"name":"render","decl":{"start":{"line":45,"column":35},"end":{"line":45,"column":41}},"loc":{"start":{"line":45,"column":45},"end":{"line":45,"column":280}},"line":45}},"branchMap":{"0":{"loc":{"start":{"line":12,"column":46},"end":{"line":12,"column":92}},"type":"cond-expr","locations":[{"start":{"line":12,"column":70},"end":{"line":12,"column":73}},{"start":{"line":12,"column":76},"end":{"line":12,"column":92}}],"line":12},"1":{"loc":{"start":{"line":12,"column":46},"end":{"line":12,"column":67}},"type":"binary-expr","locations":[{"start":{"line":12,"column":46},"end":{"line":12,"column":49}},{"start":{"line":12,"column":53},"end":{"line":12,"column":67}}],"line":12},"2":{"loc":{"start":{"line":43,"column":0},"end":{"line":43,"column":70}},"type":"if","locations":[{"start":{"line":43,"column":0},"end":{"line":43,"column":70}},{"start":{"line":43,"column":0},"end":{"line":43,"column":70}}],"line":43},"3":{"loc":{"start":{"line":44,"column":24},"end":{"line":44,"column":100}},"type":"cond-expr","locations":[{"start":{"line":44,"column":62},"end":{"line":44,"column":84}},{"start":{"line":44,"column":86},"end":{"line":44,"column":100}}],"line":44},"4":{"loc":{"start":{"line":45,"column":92},"end":{"line":45,"column":108}},"type":"binary-expr","locations":[{"start":{"line":45,"column":92},"end":{"line":45,"column":104}},{"start":{"line":45,"column":106},"end":{"line":45,"column":108}}],"line":45}},"s":{"0":0,"1":0,"2":0,"3":0,"4":0,"5":0,"6":0,"7":0,"8":0,"9":0,"10":0,"11":0,"12":0,"13":0,"14":0,"15":0,"16":0,"17":0,"18":0,"19":0,"20":0,"21":0},"f":{"0":0,"1":0,"2":0,"3":0,"4":0,"5":0,"6":0},"b":{"0":[0,0],"1":[0,0],"2":[0,0],"3":[0,0],"4":[0,0]}}
,"F:\\SVNALL\\pahotUnion2\\trunk\\09.Implements\\pahot-static\\pahot-business-front\\src\\store.js": {"path":"F:\\SVNALL\\pahotUnion2\\trunk\\09.Implements\\pahot-static\\pahot-business-front\\src\\store.js","statementMap":{"0":{"start":{"line":1,"column":13},"end":{"line":1,"column":75}},"1":{"start":{"line":1,"column":87},"end":{"line":8,"column":15}},"2":{"start":{"line":10,"column":14},"end":{"line":20,"column":5}},"3":{"start":{"line":12,"column":4},"end":{"line":12,"column":22}},"4":{"start":{"line":15,"column":4},"end":{"line":15,"column":20}},"5":{"start":{"line":16,"column":4},"end":{"line":16,"column":22}},"6":{"start":{"line":19,"column":4},"end":{"line":19,"column":22}},"7":{"start":{"line":20,"column":6},"end":{"line":25,"column":21}}},"fnMap":{"0":{"name":"login","decl":{"start":{"line":11,"column":18},"end":{"line":11,"column":23}},"loc":{"start":{"line":11,"column":46},"end":{"line":13,"column":3}},"line":11},"1":{"name":"logout","decl":{"start":{"line":14,"column":19},"end":{"line":14,"column":25}},"loc":{"start":{"line":14,"column":28},"end":{"line":17,"column":3}},"line":14},"2":{"name":"notLogin","decl":{"start":{"line":18,"column":21},"end":{"line":18,"column":29}},"loc":{"start":{"line":18,"column":32},"end":{"line":20,"column":3}},"line":18}},"branchMap":{},"s":{"0":0,"1":0,"2":0,"3":0,"4":0,"5":0,"6":0,"7":0},"f":{"0":0,"1":0,"2":0},"b":{}}
,"F:\\SVNALL\\pahotUnion2\\trunk\\09.Implements\\pahot-static\\pahot-business-front\\src\\components\\login\\login.vue": {"path":"F:\\SVNALL\\pahotUnion2\\trunk\\09.Implements\\pahot-static\\pahot-business-front\\src\\components\\login\\login.vue","statementMap":{"0":{"start":{"line":1,"column":1},"end":{"line":39,"column":4}},"1":{"start":{"line":4,"column":0},"end":{"line":6,"column":3}},"2":{"start":{"line":8,"column":13},"end":{"line":8,"column":33}},"3":{"start":{"line":10,"column":14},"end":{"line":10,"column":44}},"4":{"start":{"line":12,"column":39},"end":{"line":12,"column":93}},"5":{"start":{"line":14,"column":0},"end":{"line":33,"column":2}},"6":{"start":{"line":17,"column":4},"end":{"line":21,"column":6}},"7":{"start":{"line":26,"column":6},"end":{"line":26,"column":26}},"8":{"start":{"line":31,"column":4},"end":{"line":31,"column":35}},"9":{"start":{"line":40,"column":0},"end":{"line":40,"column":70}},"10":{"start":{"line":40,"column":31},"end":{"line":40,"column":70}},"11":{"start":{"line":41,"column":24},"end":{"line":41,"column":100}},"12":{"start":{"line":42,"column":0},"end":{"line":42,"column":126}},"13":{"start":{"line":42,"column":54},"end":{"line":42,"column":58}},"14":{"start":{"line":42,"column":66},"end":{"line":42,"column":84}},"15":{"start":{"line":42,"column":92},"end":{"line":42,"column":108}},"16":{"start":{"line":42,"column":109},"end":{"line":42,"column":125}},"17":{"start":{"line":43,"column":0},"end":{"line":43,"column":192}},"18":{"start":{"line":43,"column":64},"end":{"line":43,"column":68}},"19":{"start":{"line":43,"column":76},"end":{"line":43,"column":94}},"20":{"start":{"line":43,"column":102},"end":{"line":43,"column":118}},"21":{"start":{"line":43,"column":119},"end":{"line":43,"column":190}}},"fnMap":{"0":{"name":"(anonymous_0)","decl":{"start":{"line":1,"column":2},"end":{"line":1,"column":3}},"loc":{"start":{"line":1,"column":12},"end":{"line":39,"column":1}},"line":1},"1":{"name":"_interopRequireDefault","decl":{"start":{"line":12,"column":9},"end":{"line":12,"column":31}},"loc":{"start":{"line":12,"column":37},"end":{"line":12,"column":95}},"line":12},"2":{"name":"data","decl":{"start":{"line":16,"column":17},"end":{"line":16,"column":21}},"loc":{"start":{"line":16,"column":24},"end":{"line":22,"column":3}},"line":16},"3":{"name":"login","decl":{"start":{"line":25,"column":20},"end":{"line":25,"column":25}},"loc":{"start":{"line":25,"column":28},"end":{"line":27,"column":5}},"line":25},"4":{"name":"forget","decl":{"start":{"line":28,"column":21},"end":{"line":28,"column":27}},"loc":{"start":{"line":28,"column":30},"end":{"line":28,"column":32}},"line":28},"5":{"name":"mounted","decl":{"start":{"line":30,"column":20},"end":{"line":30,"column":27}},"loc":{"start":{"line":30,"column":30},"end":{"line":32,"column":3}},"line":30},"6":{"name":"(anonymous_6)","decl":{"start":{"line":31,"column":19},"end":{"line":31,"column":20}},"loc":{"start":{"line":31,"column":31},"end":{"line":31,"column":33}},"line":31},"7":{"name":"render","decl":{"start":{"line":42,"column":35},"end":{"line":42,"column":41}},"loc":{"start":{"line":42,"column":45},"end":{"line":42,"column":126}},"line":42},"8":{"name":"render","decl":{"start":{"line":43,"column":45},"end":{"line":43,"column":51}},"loc":{"start":{"line":43,"column":55},"end":{"line":43,"column":191}},"line":43}},"branchMap":{"0":{"loc":{"start":{"line":12,"column":46},"end":{"line":12,"column":92}},"type":"cond-expr","locations":[{"start":{"line":12,"column":70},"end":{"line":12,"column":73}},{"start":{"line":12,"column":76},"end":{"line":12,"column":92}}],"line":12},"1":{"loc":{"start":{"line":12,"column":46},"end":{"line":12,"column":67}},"type":"binary-expr","locations":[{"start":{"line":12,"column":46},"end":{"line":12,"column":49}},{"start":{"line":12,"column":53},"end":{"line":12,"column":67}}],"line":12},"2":{"loc":{"start":{"line":40,"column":0},"end":{"line":40,"column":70}},"type":"if","locations":[{"start":{"line":40,"column":0},"end":{"line":40,"column":70}},{"start":{"line":40,"column":0},"end":{"line":40,"column":70}}],"line":40},"3":{"loc":{"start":{"line":41,"column":24},"end":{"line":41,"column":100}},"type":"cond-expr","locations":[{"start":{"line":41,"column":62},"end":{"line":41,"column":84}},{"start":{"line":41,"column":86},"end":{"line":41,"column":100}}],"line":41},"4":{"loc":{"start":{"line":42,"column":92},"end":{"line":42,"column":108}},"type":"binary-expr","locations":[{"start":{"line":42,"column":92},"end":{"line":42,"column":104}},{"start":{"line":42,"column":106},"end":{"line":42,"column":108}}],"line":42},"5":{"loc":{"start":{"line":43,"column":102},"end":{"line":43,"column":118}},"type":"binary-expr","locations":[{"start":{"line":43,"column":102},"end":{"line":43,"column":114}},{"start":{"line":43,"column":116},"end":{"line":43,"column":118}}],"line":43}},"s":{"0":0,"1":0,"2":0,"3":0,"4":0,"5":0,"6":0,"7":0,"8":0,"9":0,"10":0,"11":0,"12":0,"13":0,"14":0,"15":0,"16":0,"17":0,"18":0,"19":0,"20":0,"21":0},"f":{"0":0,"1":0,"2":0,"3":0,"4":0,"5":0,"6":0,"7":0,"8":0},"b":{"0":[0,0],"1":[0,0],"2":[0,0],"3":[0,0],"4":[0,0],"5":[0,0]}}
}
