TN:
SF:F:\SVNALL\pahotUnion2\trunk\09.Implements\pahot-static\pahot-business-front\src\App.vue
FN:1,(anonymous_0)
FN:12,_interopRequireDefault
FN:16,data
FN:24,mounted
FN:27,(anonymous_4)
FN:31,(anonymous_5)
FN:45,render
FNF:7
FNH:0
FNDA:0,(anonymous_0)
FNDA:0,_interopRequireDefault
FNDA:0,data
FNDA:0,mounted
FNDA:0,(anonymous_4)
FNDA:0,(anonymous_5)
FNDA:0,render
DA:1,0
DA:4,0
DA:8,0
DA:10,0
DA:12,0
DA:14,0
DA:17,0
DA:25,0
DA:27,0
DA:28,0
DA:30,0
DA:31,0
DA:32,0
DA:43,0
DA:44,0
DA:45,0
DA:46,0
LF:17
LH:0
BRDA:12,0,0,0
BRDA:12,0,1,0
BRDA:12,1,0,0
BRDA:12,1,1,0
BRDA:43,2,0,0
BRDA:43,2,1,0
BRDA:44,3,0,0
BRDA:44,3,1,0
BRDA:45,4,0,0
BRDA:45,4,1,0
BRF:10
BRH:0
end_of_record
TN:
SF:F:\SVNALL\pahotUnion2\trunk\09.Implements\pahot-static\pahot-business-front\src\store.js
FN:11,login
FN:14,logout
FN:18,notLogin
FNF:3
FNH:0
FNDA:0,login
FNDA:0,logout
FNDA:0,notLogin
DA:1,0
DA:10,0
DA:12,0
DA:15,0
DA:16,0
DA:19,0
DA:20,0
LF:7
LH:0
BRF:0
BRH:0
end_of_record
TN:
SF:F:\SVNALL\pahotUnion2\trunk\09.Implements\pahot-static\pahot-business-front\src\components\login\login.vue
FN:1,(anonymous_0)
FN:12,_interopRequireDefault
FN:16,data
FN:25,login
FN:28,forget
FN:30,mounted
FN:31,(anonymous_6)
FN:42,render
FN:43,render
FNF:9
FNH:0
FNDA:0,(anonymous_0)
FNDA:0,_interopRequireDefault
FNDA:0,data
FNDA:0,login
FNDA:0,forget
FNDA:0,mounted
FNDA:0,(anonymous_6)
FNDA:0,render
FNDA:0,render
DA:1,0
DA:4,0
DA:8,0
DA:10,0
DA:12,0
DA:14,0
DA:17,0
DA:26,0
DA:31,0
DA:40,0
DA:41,0
DA:42,0
DA:43,0
LF:13
LH:0
BRDA:12,0,0,0
BRDA:12,0,1,0
BRDA:12,1,0,0
BRDA:12,1,1,0
BRDA:40,2,0,0
BRDA:40,2,1,0
BRDA:41,3,0,0
BRDA:41,3,1,0
BRDA:42,4,0,0
BRDA:42,4,1,0
BRDA:43,5,0,0
BRDA:43,5,1,0
BRF:12
BRH:0
end_of_record
